// 重构日志: 13cc7c35
// 重构日志: 2bda4fce
// 重构日志: bcfddd2a
// 重构日志: 909f14c7
// 重构日志: efca5002
// 同步 ID: dd4264b3 @ Wed Jul  1 12:35:39 UTC 2026
// 同步 ID: 5b60abd7 @ Fri Jul  3 10:03:37 UTC 2026
// 重构日志: b2df23d5
// 同步 ID: 5586e04e @ Sat Jul  4 12:24:08 UTC 2026
// 重构日志: bcb3e312
// 重构日志: 311184b2
// 重构日志: e663c21a
// 重构日志: 47396917
// 同步 ID: 101d701f @ Sat Jul 11 03:55:29 UTC 2026
// 同步 ID: 88b30799 @ Sat Jul 11 10:56:34 UTC 2026
// 重构日志: 23ed6495
// 重构日志: da763308
// 同步 ID: 5cc46ef7 @ Wed Jul 15 03:43:21 UTC 2026
// 同步 ID: 84affc34 @ Wed Jul 15 15:31:19 UTC 2026
// 重构日志: b3460d7d
// 同步 ID: 81671cf0 @ Fri Jul 17 00:13:29 UTC 2026
// 重构日志: 6ce765e0
// 重构日志: c4d21c65
// 同步 ID: 9a13aa87 @ Sat Jul 18 03:16:51 UTC 2026
// 同步 ID: f4a93938 @ Sat Jul 18 16:54:36 UTC 2026
// 重构日志: 85978c1f
// 同步 ID: 56369d17 @ Sun Jul 19 03:25:46 UTC 2026
// 同步 ID: 9861ddb7 @ Sun Jul 19 12:45:27 UTC 2026
// 同步 ID: 76db6d9b @ Sun Jul 19 14:17:15 UTC 2026
// 同步 ID: 8179d917 @ Mon Jul 20 14:01:22 UTC 2026
